This is TeX, Version 3.14159 (Web2C 7.3.9) (format=latex 2003.2.8)  9 NOV 2003 19:42
**./images.tex
(./images.tex
LaTeX2e <2001/06/01>
Babel <v3.7h> and hyphenation patterns for american, french, german, ngerman, s
panish, nohyphenation, loaded.

(/usr/share/texmf/tex/latex/base/article.cls
Document Class: article 2001/04/21 v1.4e Standard LaTeX document class
(/usr/share/texmf/tex/latex/base/size12.clo
File: size12.clo 2001/04/21 v1.4e Standard LaTeX file (size option)
)
\c@part=\count79
\c@section=\count80
\c@subsection=\count81
\c@subsubsection=\count82
\c@paragraph=\count83
\c@subparagraph=\count84
\c@figure=\count85
\c@table=\count86
\abovecaptionskip=\skip41
\belowcaptionskip=\skip42
\bibindent=\dimen102
) (/usr/share/texmf/tex/latex/base/ifthen.sty
Package: ifthen 2001/05/26 v1.1c Standard LaTeX ifthen package (DPC)
) (/usr/share/texmf/tex/latex/psnfss/times.sty
Package: times 2002/09/08 PSNFSS-v9.0a (SPQR) 
) (/usr/share/texmf/tex/latex/base/fontenc.sty
Package: fontenc 2001/06/05 v1.94 Standard LaTeX package
(/usr/share/texmf/tex/latex/base/t1enc.def
File: t1enc.def 2001/06/05 v1.94 Standard LaTeX file
LaTeX Font Info:    Redeclaring font encoding T1 on input line 38.
)) (/usr/share/texmf/tex/latex/base/inputenc.sty
Package: inputenc 2001/07/10 v0.99a Input encoding file 
(/usr/share/texmf/tex/latex/base/latin1.def
File: latin1.def 2001/07/10 v0.99a Input encoding file 
)) (/usr/share/texmf/tex/latex/misc/geometry.sty
Package: geometry 2002/07/08 v3.2 Page Geometry
(/usr/share/texmf/tex/latex/graphics/keyval.sty
Package: keyval 1999/03/16 v1.13 key=value parser (DPC)
\KV@toks@=\toks14
)
\Gm@cnth=\count87
\Gm@cntv=\count88
\c@Gm@tempcnt=\count89
\Gm@bindingoffset=\dimen103
\Gm@wd@mp=\dimen104
\Gm@odd@mp=\dimen105
\Gm@even@mp=\dimen106
\Gm@dimlist=\toks15
(/usr/share/texmf/tex/latex/config/geometry.cfg
File: geometry.cfg 2001/06/05 v1.0 teTeX (uncustomised setup)
)) (/usr/share/texmf/tex/generic/babel/babel.sty
Package: babel 2001/03/01 v3.7h The Babel package
(/usr/share/texmf/tex/generic/babel/spanish.ldf
Language: spanish.ldf 2001/01/30 v4.1c Spanish support from the babel system
(/usr/share/texmf/tex/generic/babel/babel.def
File: babel.def 2001/03/01 v3.7h Babel common definitions
\babel@savecnt=\count90
\U@D=\dimen107
)
\es@quottoks=\toks16
\es@quotdepth=\count91
Package babel Info: Making . an active character on input line 464.
Package babel Info: Making " an active character on input line 495.
Package babel Info: Making < an active character on input line 581.
Package babel Info: Making > an active character on input line 582.
)) (/usr/share/texmf/tex/latex/graphics/graphics.sty
Package: graphics 2001/07/07 v1.0n Standard LaTeX Graphics (DPC,SPQR)
(/usr/share/texmf/tex/latex/graphics/trig.sty
Package: trig 1999/03/16 v1.09 sin cos tan (DPC)
) (/usr/share/texmf/tex/latex/config/graphics.cfg
File: graphics.cfg 2001/08/31 v1.1 graphics configuration of teTeX/TeXLive
)
Package graphics Info: Driver file: dvips.def on input line 80.
(/usr/share/texmf/tex/latex/graphics/dvips.def
File: dvips.def 1999/02/16 v3.0i Driver-dependant file (DPC,SPQR)
)) (/usr/share/texmf/tex/latex/misc/setspace.sty
Package: setspace 2000/12/01 6.7 Contributed and Supported LaTeX2e package
Package: `setspace' 6.7 <2000/12/01>
) (/usr/share/texmf/tex/latex/hyperref/hyperref.sty
Package: hyperref 2002/10/22 v6.72z Hypertext links for LaTeX
\@linkdim=\dimen108
\Hy@linkcounter=\count92
\Hy@pagecounter=\count93
(/usr/share/texmf/tex/latex/hyperref/pd1enc.def
File: pd1enc.def 2002/10/22 v6.72z Hyperref: PDFDocEncoding definition (HO)
) (/usr/share/texmf/tex/latex/config/hyperref.cfg
File: hyperref.cfg 2002/06/06 v1.2 hyperref configuration of TeXLive and teTeX
)
Package hyperref Info: Option `bookmarks' set `true' on input line 1739.
Package hyperref Info: Option `bookmarksopen' set `true' on input line 1739.
Package hyperref Info: Option `bookmarksnumbered' set `true' on input line 1739
.
Package hyperref Info: Hyper figures OFF on input line 1787.
Package hyperref Info: Link nesting OFF on input line 1792.
Package hyperref Info: Hyper index ON on input line 1795.
Package hyperref Info: Plain pages ON on input line 1800.
Package hyperref Info: Backreferencing OFF on input line 1807.
Implicit mode ON; LaTeX internals redefined
Package hyperref Info: Bookmarks ON on input line 1911.
(/usr/share/texmf/tex/latex/latex2html/url.sty
Package: url 1999/03/02  ver 1.4  Verb mode for urls, email addresses, and file
 names
)
LaTeX Info: Redefining \url on input line 2050.
\Fld@menulength=\count94
\Field@Width=\dimen109
\Fld@charsize=\dimen110
\Choice@toks=\toks17
\Field@toks=\toks18
Package hyperref Info: Hyper figures OFF on input line 2508.
Package hyperref Info: Link nesting OFF on input line 2513.
Package hyperref Info: Hyper index ON on input line 2516.
Package hyperref Info: backreferencing OFF on input line 2523.
Package hyperref Info: Link coloring OFF on input line 2528.
\c@Item=\count95
\c@Hfootnote=\count96
)
*hyperref using default driver hdvips*
(/usr/share/texmf/tex/latex/hyperref/hdvips.def
File: hdvips.def 2002/10/22 v6.72z Hyperref driver for dvips
(/usr/share/texmf/tex/latex/hyperref/pdfmark.def
File: pdfmark.def 2002/10/22 v6.72z Hyperref definitions for pdfmark specials
\pdf@docset=\toks19
\pdf@box=\box26
\pdf@toks=\toks20
\pdf@defaulttoks=\toks21
\Fld@listcount=\count97
\@outlinefile=\write3
)) (/usr/share/texmf/tex/latex/fancyhdr/fancyhdr.sty
\headwidth=\dimen111
) (/usr/share/texmf/tex/latex/misc/tocbibind.sty
Package: tocbibind 2002/04/09 v1.5d extra ToC listings

Package tocbibind Note: The document has section divisions.


Package tocbibind Note: Using section or other style headings.

) (/usr/share/texmf/tex/latex/misc/pdfpages.sty
Package: pdfpages 2002/10/01 v0.2k Insert pages of external PDF documents (AM)

! Package pdfpages Error: You're either not using pdfLaTeX
(pdfpages)                or have turn off PDF output.
(pdfpages)                `pdfpages' only works with pdfLaTeX
(pdfpages)                and PDF output.

See the pdfpages package documentation for explanation.
Type  H <return>  for immediate help.
 ...                                              
                                                  
l.46     \fi}
             
Use `pdflatex' instead of `latex'
and set output to PDF (use: \pdfoutput = 1)!

) (/usr/share/texmf/tex/latex/graphics/color.sty
Package: color 1999/02/16 v1.0i Standard LaTeX Color (DPC)
(/usr/share/texmf/tex/latex/config/color.cfg
File: color.cfg 2001/08/31 v1.1 color configuration of teTeX/TeXLive
)
Package color Info: Driver file: dvips.def on input line 125.
(/usr/share/texmf/tex/latex/graphics/dvipsnam.def
File: dvipsnam.def 1999/02/16 v3.0i Driver-dependant file (DPC,SPQR)
))
\sizebox=\box27
\lthtmlwrite=\write4
No file images.aux.
\openout1 = `images.aux'.

LaTeX Font Info:    Checking defaults for OML/cmm/m/it on input line 131.
LaTeX Font Info:    ... okay on input line 131.
LaTeX Font Info:    Checking defaults for T1/cmr/m/n on input line 131.
LaTeX Font Info:    ... okay on input line 131.
LaTeX Font Info:    Checking defaults for OT1/cmr/m/n on input line 131.
LaTeX Font Info:    ... okay on input line 131.
LaTeX Font Info:    Checking defaults for OMS/cmsy/m/n on input line 131.
LaTeX Font Info:    ... okay on input line 131.
LaTeX Font Info:    Checking defaults for OMX/cmex/m/n on input line 131.
LaTeX Font Info:    ... okay on input line 131.
LaTeX Font Info:    Checking defaults for U/cmr/m/n on input line 131.
LaTeX Font Info:    ... okay on input line 131.
LaTeX Font Info:    Checking defaults for PD1/pdf/m/n on input line 131.
LaTeX Font Info:    ... okay on input line 131.
LaTeX Font Info:    Try loading font information for T1+ptm on input line 131.
(/usr/share/texmf/tex/latex/psnfss/t1ptm.fd
File: t1ptm.fd 2001/06/04 font definitions for T1/ptm.
)
-------------------- Geometry parameters
paper: user defined
landscape: --
twocolumn: --
twoside: --
asymmetric: --
h-parts: 71.13188pt, 455.24411pt, 71.13188pt
v-parts: 99.58464pt, 643.03246pt, 99.58464pt
hmarginratio: --
vmarginratio: --
lines: --
heightrounded: --
bindingoffset: 0.0pt
truedimen: --
includehead: --
includefoot: --
includemp: --
driver: 
-------------------- Page layout dimensions and switches
\paperwidth  597.50787pt
\paperheight 842.20174pt
\textwidth  349.0pt
\textheight 700.3471pt
\oddsidemargin  -1.1381pt
\evensidemargin -1.1381pt
\topmargin  0.0pt
\headheight 0.0pt
\headsep    0.0pt
\footskip   0.0pt
\marginparwidth 44.0pt
\marginparsep   10.0pt
\columnsep  10.0pt
\skip\footins  10.8pt plus 4.0pt minus 2.0pt
\hoffset 0.0pt
\voffset 0.0pt
\mag 1000

(1in=72.27pt, 1cm=28.45pt)
-----------------------
Package hyperref Info: Link coloring OFF on input line 131.
(/usr/share/texmf/tex/latex/hyperref/nameref.sty
Package: nameref 2001/01/27 v2.19 Cross-referencing by name of section
\c@section@level=\count98
)
LaTeX Info: Redefining \ref on input line 131.
LaTeX Info: Redefining \pageref on input line 131.
\openout3 = `images.out'.


latex2htmlLength hsize=349.0pt

latex2htmlLength vsize=700.3471pt

latex2htmlLength hoffset=0.0pt

latex2htmlLength voffset=0.0pt

latex2htmlLength topmargin=0.0pt

latex2htmlLength topskip=0.00003pt

latex2htmlLength headheight=0.0pt

latex2htmlLength headsep=0.0pt

latex2htmlLength parskip=0.0pt plus 1.0pt

latex2htmlLength oddsidemargin=-1.1381pt

latex2htmlLength evensidemargin=-1.1381pt

File: ubicacion-pines.ps Graphic file (type eps)
<ubicacion-pines.ps>
l2hSize :tex2html_wrap276:167.3342pt::0.0pt::349.0pt.
[1



]
File: jumpers-flash.eps Graphic file (type eps)
<jumpers-flash.eps>
l2hSize :tex2html_wrap288:142.26225pt::0.0pt::349.0pt.
[2


]
File: jumpers-eproms.eps Graphic file (type eps)
<jumpers-eproms.eps>
Overfull \hbox (12.24591pt too wide) detected at line 172
 [] 
 []

l2hSize :tex2html_wrap300:142.26225pt::0.0pt::349.0pt.
[3


]
File: prog-disp.ps Graphic file (type eps)
<prog-disp.ps>
l2hSize :tex2html_wrap324:222.29343pt::0.0pt::349.0pt.
[4


]
File: prog-lect2.ps Graphic file (type eps)
<prog-lect2.ps>
l2hSize :tex2html_wrap342:222.29343pt::0.0pt::349.0pt.
[5


]
File: prog-grab.ps Graphic file (type eps)
<prog-grab.ps>
l2hSize :tex2html_wrap380:222.29343pt::0.0pt::349.0pt.
[6


]
File: prog-borr.ps Graphic file (type eps)
<prog-borr.ps>
l2hSize :tex2html_wrap420:222.29343pt::0.0pt::349.0pt.
[7


]
File: prog-comando.ps Graphic file (type eps)
<prog-comando.ps>
l2hSize :tex2html_wrap442:222.29343pt::0.0pt::349.0pt.
[8


]
File: bd-fabricantes.ps Graphic file (type eps)
<bd-fabricantes.ps>
l2hSize :tex2html_wrap464:226.99152pt::0.0pt::349.0pt.
[9


]
File: bd-comandos.ps Graphic file (type eps)
<bd-comandos.ps>
l2hSize :tex2html_wrap478:226.99152pt::0.0pt::349.0pt.
[10


]
File: bd-dispositivos.ps Graphic file (type eps)
<bd-dispositivos.ps>
l2hSize :tex2html_wrap498:226.99152pt::0.0pt::349.0pt.
[11


] (./images.aux) )
(\end occurred inside a group at level 1) 
Here is how much of TeX's memory you used:
 3592 strings out of 61378
 46938 string characters out of 1195842
 105583 words of memory out of 2500001
 6500 multiletter control sequences out of 10000+50000
 6346 words of font info for 17 fonts, out of 500000 for 1000
 14 hyphenation exceptions out of 1000
 25i,6n,43p,234b,1203s stack positions out of 1500i,500n,5000p,200000b,5000s

Output written on images.dvi (11 pages, 10748 bytes).
